Arguments: 
  /usr/local/bin/node /usr/share/yarn/bin/yarn.js add express dotenv mongoose multer cookie-parcer express-validator jsonwebtoken bcrypt http-errors

PATH: 
  /usr/local/sbin:/usr/local/bin:/usr/sbin:/usr/bin:/sbin:/bin:/usr/games:/usr/local/games:/snap/bin:/snap/bin

Yarn version: 
  1.22.15

Node version: 
  16.13.1

Platform: 
  linux x64

Trace: 
  Error: https://registry.yarnpkg.com/cookie-parcer: Not found
      at Request.params.callback [as _callback] (/usr/share/yarn/lib/cli.js:67031:18)
      at Request.self.callback (/usr/share/yarn/lib/cli.js:140885:22)
      at Request.emit (node:events:390:28)
      at Request.<anonymous> (/usr/share/yarn/lib/cli.js:141857:10)
      at Request.emit (node:events:390:28)
      at IncomingMessage.<anonymous> (/usr/share/yarn/lib/cli.js:141779:12)
      at Object.onceWrapper (node:events:509:28)
      at IncomingMessage.emit (node:events:402:35)
      at endReadableNT (node:internal/streams/readable:1343:12)
      at processTicksAndRejections (node:internal/process/task_queues:83:21)

npm manifest: 
  {
    "name": "portfolio",
    "version": "1.0.1",
    "description": "My portfolio website backend opration",
    "main": "index.js",
    "author": "Harun Biswas Rubel",
    "license": "MIT"
  }

yarn manifest: 
  No manifest

Lockfile: 
  No lockfile
